{"level":"fatal","msg":"Failed to connect to database: failed to connect to `host=localhost user=postgres database=your_db_name`: dial error (dial tcp 127.0.0.1:5432: connect: connection refused)","time":"2025-02-07T13:02:20+05:00"}
{"level":"fatal","msg":"Failed to connect to database: failed to connect to `host=localhost user=postgres database=postgres`: dial error (dial tcp 127.0.0.1:5432: connect: connection refused)","time":"2025-02-07T13:08:04+05:00"}
{"level":"fatal","msg":"Failed to connect to database: failed to connect to `host=localhost user=song database=postgres`: failed SASL auth (FATAL: password authentication failed for user \"song\" (SQLSTATE 28P01))","time":"2025-02-08T10:56:03+05:00"}
{"level":"fatal","msg":"Failed to run migrations: migration failed: relation \"songs\" already exists in line 0: CREATE TABLE songs (\n    id SERIAL PRIMARY KEY,\n    group_name TEXT NOT NULL,\n    title TEXT NOT NULL,\n    release_date TIMESTAMP NOT NULL,\n    text TEXT NOT NULL,\n    link TEXT NOT NULL\n); (details: pq: relation \"songs\" already exists)","time":"2025-02-08T10:56:20+05:00"}
{"level":"fatal","msg":"Failed to run migrations: Dirty database version 1. Fix and force version.","time":"2025-02-08T11:23:37+05:00"}
{"level":"fatal","msg":"Failed to run migrations: Dirty database version 1. Fix and force version.","time":"2025-02-08T11:26:17+05:00"}
{"level":"fatal","msg":"Failed to run migrations: Dirty database version 1. Fix and force version.","time":"2025-02-08T11:27:03+05:00"}
{"level":"fatal","msg":"Migration initialization failed: failed to parse scheme from source URL: no scheme","time":"2025-02-08T11:28:42+05:00"}
{"level":"fatal","msg":"Migration initialization failed: failed to parse scheme from source URL: no scheme","time":"2025-02-08T11:31:33+05:00"}
{"level":"fatal","msg":"Migration initialization failed: failed to parse scheme from source URL: no scheme","time":"2025-02-09T20:02:49+05:00"}
{"level":"fatal","msg":"Migration initialization failed: failed to parse scheme from source URL: no scheme","time":"2025-02-09T20:06:32+05:00"}
{"level":"fatal","msg":"Migration initialization failed: failed to parse scheme from source URL: no scheme","time":"2025-02-09T20:11:38+05:00"}
{"level":"fatal","msg":"Migration initialization failed: failed to parse scheme from source URL: no scheme","time":"2025-02-10T13:12:45+05:00"}
{"level":"info","msg":"DB User: postgres, DB Name: postgres","time":"2025-02-10T13:20:05+05:00"}
{"level":"info","msg":"No new migrations to apply.","time":"2025-02-10T13:20:05+05:00"}
{"level":"info","msg":"No new migrations to apply.","time":"2025-02-10T13:20:46+05:00"}

{"level":"info","msg":"Migrations applied successfully!","time":"2025-02-10T13:29:29+05:00"}
{"level":"info","msg":"No new migrations to apply.","time":"2025-02-10T14:08:25+05:00"}
{"level":"info","msg":"Starting server on port 8080","time":"2025-02-10T14:08:25+05:00"}
{"level":"info","msg":"Server is running on host 0.0.0.0 and port 8080","time":"2025-02-10T14:08:25+05:00"}
{"level":"info","msg":"Request: GET /songs","time":"2025-02-10T14:10:27+05:00"}
{"error":"sql: database is closed","filter":{},"level":"error","msg":"Failed to get songs","page":1,"size":10,"time":"2025-02-10T14:10:27+05:00"}
{"error":"sql: database is closed","filter":{},"level":"error","msg":"Failed to get songs","page":1,"size":10,"time":"2025-02-10T14:10:27+05:00"}
{"error":"sql: database is closed","level":"error","msg":"Failed to get songs","time":"2025-02-10T14:10:27+05:00"}
{"level":"info","msg":"Request: POST /songs","time":"2025-02-10T14:10:45+05:00"}
{"error":"parsing time \"string\" as \"2006-01-02T15:04:05Z07:00\": cannot parse \"string\" as \"2006\"","level":"error","msg":"Failed to bind JSON","time":"2025-02-10T14:10:45+05:00"}
{"level":"info","msg":"Request: PUT /songs/1","time":"2025-02-10T14:11:49+05:00"}
{"error":"parsing time \"string\" as \"2006-01-02T15:04:05Z07:00\": cannot parse \"string\" as \"2006\"","level":"error","msg":"Failed to bind JSON","time":"2025-02-10T14:11:49+05:00"}
{"level":"info","msg":"Request: GET /songs/1/text","time":"2025-02-10T14:12:06+05:00"}
{"level":"info","msg":"Server is shutting down...","time":"2025-02-10T14:12:18+05:00"}
{"level":"info","msg":"Shutting down server...","time":"2025-02-10T14:12:18+05:00"}
{"level":"info","msg":"Server stopped","time":"2025-02-10T14:12:18+05:00"}
{"level":"fatal","msg":"Migration initialization failed: failed to open source, \"file://migration/migrations\": open .: no such file or directory","time":"2025-02-10T14:55:31+05:00"}
{"level":"info","msg":"No new migrations to apply.","time":"2025-02-10T14:56:17+05:00"}
{"level":"info","msg":"Starting server on port 8080","time":"2025-02-10T14:56:17+05:00"}
{"level":"info","msg":"Server is running on host 0.0.0.0 and port 8080","time":"2025-02-10T14:56:17+05:00"}
{"level":"info","msg":"Request: GET /swagger/*any","time":"2025-02-10T14:57:08+05:00"}
{"level":"info","msg":"Request: GET /favicon.ico","time":"2025-02-10T14:57:08+05:00"}
{"level":"info","msg":"Server is shutting down...","time":"2025-02-10T15:02:02+05:00"}
{"level":"info","msg":"Shutting down server...","time":"2025-02-10T15:02:02+05:00"}
{"level":"info","msg":"No new migrations to apply.","time":"2025-02-10T15:02:17+05:00"}
{"level":"info","msg":"Starting server on port 8080","time":"2025-02-10T15:02:17+05:00"}
{"level":"info","msg":"Server is running on host 0.0.0.0 and port 8080","time":"2025-02-10T15:02:17+05:00"}
{"level":"info","msg":"[404] GET /swagger/*any | ::1 | 79.15µs","time":"2025-02-10T15:02:33+05:00"}
{"level":"info","msg":"Server is shutting down...","time":"2025-02-10T15:03:27+05:00"}
{"level":"info","msg":"Shutting down server...","time":"2025-02-10T15:03:27+05:00"}
{"level":"info","msg":"No new migrations to apply.","time":"2025-02-10T15:05:59+05:00"}
{"level":"info","msg":"Starting server on port 8080","time":"2025-02-10T15:05:59+05:00"}
{"level":"info","msg":"Server is running on host 0.0.0.0 and port 8080","time":"2025-02-10T15:05:59+05:00"}
{"level":"info","msg":"Server is shutting down...","time":"2025-02-10T15:07:18+05:00"}
{"level":"info","msg":"Server stopped","time":"2025-02-10T15:07:18+05:00"}
{"level":"info","msg":"Shutting down server...","time":"2025-02-10T15:07:18+05:00"}
{"level":"info","msg":"No new migrations to apply.","time":"2025-02-10T15:07:22+05:00"}
{"level":"info","msg":"Starting server on port 8080","time":"2025-02-10T15:07:22+05:00"}
{"level":"info","msg":"Server is running on host 0.0.0.0 and port 8080","time":"2025-02-10T15:07:22+05:00"}
{"level":"info","msg":"Server is shutting down...","time":"2025-02-10T15:12:06+05:00"}
{"level":"info","msg":"Shutting down server...","time":"2025-02-10T15:12:06+05:00"}
{"level":"info","msg":"No new migrations to apply.","time":"2025-02-10T15:14:48+05:00"}
{"level":"info","msg":"Starting server on port 8080","time":"2025-02-10T15:14:48+05:00"}
{"level":"info","msg":"Server is running on host 0.0.0.0 and port 8080","time":"2025-02-10T15:14:48+05:00"}
{"level":"info","msg":"Server is shutting down...","time":"2025-02-10T15:15:56+05:00"}
{"level":"info","msg":"Shutting down server...","time":"2025-02-10T15:15:56+05:00"}
{"level":"info","msg":"Server stopped","time":"2025-02-10T15:15:56+05:00"}
{"level":"info","msg":"No new migrations to apply.","time":"2025-02-10T20:56:39+05:00"}
{"level":"info","msg":"Starting server on port 8080","time":"2025-02-10T20:56:39+05:00"}
{"level":"info","msg":"Server is running on host 0.0.0.0 and port 8080","time":"2025-02-10T20:56:39+05:00"}
{"level":"info","msg":"Server is shutting down...","time":"2025-02-10T20:57:34+05:00"}
{"level":"info","msg":"Shutting down server...","time":"2025-02-10T20:57:34+05:00"}
{"level":"info","msg":"Server stopped","time":"2025-02-10T20:57:34+05:00"}
{"level":"info","msg":"No new migrations to apply.","time":"2025-02-11T09:57:27+05:00"}
{"level":"info","msg":"Starting server on port 8080","time":"2025-02-11T09:57:27+05:00"}
{"level":"info","msg":"Server is running on host 0.0.0.0 and port 8080","time":"2025-02-11T09:57:27+05:00"}
{"level":"info","msg":"Server is shutting down...","time":"2025-02-11T09:57:39+05:00"}
{"level":"info","msg":"Server stopped","time":"2025-02-11T09:57:39+05:00"}
{"level":"info","msg":"Shutting down server...","time":"2025-02-11T09:57:39+05:00"}
{"level":"info","msg":"No new migrations to apply.","time":"2025-02-11T09:57:44+05:00"}
{"level":"info","msg":"Starting server on port 8080","time":"2025-02-11T09:57:44+05:00"}
{"level":"info","msg":"Server is running on host 0.0.0.0 and port 8080","time":"2025-02-11T09:57:44+05:00"}
{"level":"info","msg":"Server is shutting down...","time":"2025-02-11T09:59:10+05:00"}
{"level":"info","msg":"Shutting down server...","time":"2025-02-11T09:59:10+05:00"}
{"level":"info","msg":"No new migrations to apply.","time":"2025-02-11T09:59:13+05:00"}
{"level":"info","msg":"Starting server on port 8080","time":"2025-02-11T09:59:13+05:00"}
{"level":"info","msg":"Server is running on host 0.0.0.0 and port 8080","time":"2025-02-11T09:59:13+05:00"}
{"level":"info","msg":"[404] GET /favicon.ico | ::1 | 701ns","time":"2025-02-11T10:50:21+05:00"}
{"level":"info","msg":"Server is shutting down...","time":"2025-02-11T11:13:39+05:00"}
{"level":"info","msg":"Shutting down server...","time":"2025-02-11T11:13:39+05:00"}
